<?xml version="1.0" encoding="utf-8"?><testsuites name="pytest tests"><testsuite name="pytest" errors="0" failures="0" skipped="0" tests="14" time="4.241" timestamp="2026-08-19T14:20:00.489234+00:00" hostname="agent-env-b12d5f85-c0eb-4f01-9a46-915aa82510ed"><testcase classname="tests.test_new_features.TestAuthGuards" name="test_endpoints_require_auth[get-/templates]" time="0.497" /><testcase classname="tests.test_new_features.TestTemplateUploader" name="test_inspect_rejects_non_docx" time="0.607" /><testcase classname="tests.test_new_features.TestAuthGuards" name="test_endpoints_require_auth[post-/templates/inspect]" time="0.181" /><testcase classname="tests.test_new_features.TestTemplateUploader" name="test_inspect_rejects_docx_with_no_placeholders" time="0.179" /><testcase classname="tests.test_new_features.TestAuthGuards" name="test_endpoints_require_auth[post-/templates]" time="0.137" /><testcase classname="tests.test_new_features.TestTemplateUploader" name="test_inspect_returns_fields_and_tables" time="0.163" /><testcase classname="tests.test_new_features.TestAuthGuards" name="test_endpoints_require_auth[delete-/templates/foo]" time="0.174" /><testcase classname="tests.test_new_features.TestTemplateUploader" name="test_full_custom_template_lifecycle" time="1.525" /><testcase classname="tests.test_new_features.TestAuthGuards" name="test_endpoints_require_auth[get-/drafts]" time="0.148" /><testcase classname="tests.test_new_features.TestAuthGuards" name="test_endpoints_require_auth[get-/drafts/foo]" time="0.138" /><testcase classname="tests.test_new_features.TestAuthGuards" name="test_endpoints_require_auth[post-/drafts]" time="0.220" /><testcase classname="tests.test_new_features.TestAuthGuards" name="test_endpoints_require_auth[delete-/drafts/foo]" time="0.112" /><testcase classname="tests.test_new_features.TestDrafts" name="test_draft_crud_and_upsert" time="1.001" /><testcase classname="tests.test_new_features.TestDrafts" name="test_draft_rejects_bad_template" time="0.116" /></testsuite></testsuites>