<?xml version="1.0" encoding="utf-8"?><testsuites name="pytest tests"><testsuite name="pytest" errors="0" failures="0" skipped="0" tests="11" time="2.773" timestamp="2026-08-19T14:04:21.557889+00:00" hostname="agent-env-b12d5f85-c0eb-4f01-9a46-915aa82510ed"><testcase classname="tests.test_casefile_api.TestAuth" name="test_login_invalid" time="0.680" /><testcase classname="tests.test_casefile_api.TestDocumentGeneration" name="test_missing_required_returns_422" time="0.800" /><testcase classname="tests.test_casefile_api.TestDocumentGeneration" name="test_generate_constitution_and_docx_contains_cd_name" time="0.764" /><testcase classname="tests.test_casefile_api.TestAuth" name="test_login_success" time="0.434" /><testcase classname="tests.test_casefile_api.TestAuth" name="test_me_requires_token" time="0.116" /><testcase classname="tests.test_casefile_api.TestAuth" name="test_me_with_token" time="0.160" /><testcase classname="tests.test_casefile_api.TestAuth" name="test_templates_requires_auth" time="0.099" /><testcase classname="tests.test_casefile_api.TestAuth" name="test_documents_requires_auth" time="0.149" /><testcase classname="tests.test_casefile_api.TestDocumentGeneration" name="test_notice_first_coc_table_injected" time="0.425" /><testcase classname="tests.test_casefile_api.TestTemplates" name="test_five_templates_with_fields_and_tables" time="0.096" /><testcase classname="tests.test_casefile_api.TestDocumentGeneration" name="test_export_bad_token_401" time="0.229" /></testsuite></testsuites>