<?xml version="1.0" encoding="utf-8"?><testsuites name="pytest tests"><testsuite name="pytest" errors="0" failures="0" skipped="0" tests="3" time="1.867" timestamp="2026-08-19T13:34:58.834385+00:00" hostname="agent-env-b12d5f85-c0eb-4f01-9a46-915aa82510ed"><testcase classname="tests.test_casefile_api" name="test_templates_and_document_validation" time="0.539" /><testcase classname="tests.test_casefile_api" name="test_generate_persist_and_download_exports" time="0.513" /><testcase classname="tests.test_casefile_api" name="test_unknown_template_and_export_are_404" time="0.249" /></testsuite></testsuites>